# JRE version: Java(TM) SE Runtime Environment (17.0.5+9) (build 17.0.5+9-LTS-191)
# Java VM: Java HotSpot(TM) 64-Bit Server VM (17.0.5+9-LTS-191, mixed mode, sharing, tiered, compressed oops, compressed class ptrs, g1 gc, windows-amd64)
GC Precious Log:
 CPUs: 4 total, 4 available
 Memory: 3991M
 Large Page Support: Disabled
 NUMA Support: Disabled
 Compressed Oops: Enabled (32-bit)
 Heap Region Size: 1M
 Heap Min Capacity: 8M
 Heap Initial Capacity: 64M
 Heap Max Capacity: 998M
 Pre-touch: Disabled
 Parallel Workers: 4
 Concurrent Workers: 1
 Concurrent Refinement Workers: 4
 Periodic GC: Disabled
Heap:
 garbage-first heap   total 297984K, used 34632K [0x00000000c1a00000, 0x0000000100000000)
  region size 1024K, 1 young (1024K), 1 survivors (1024K)
 Metaspace       used 62957K, committed 63360K, reserved 1105920K
  class space    used 8235K, committed 8448K, reserved 1048576K
GC Heap History (20 events):
Event: 12876.624 GC heap after
{Heap after GC invocations=573 (full 0):
 garbage-first heap   total 297984K, used 34295K [0x00000000c1a00000, 0x0000000100000000)
  region size 1024K, 1 young (1024K), 1 survivors (1024K)
 Metaspace       used 62957K, committed 63360K, reserved 1105920K
  class space    used 8235K, committed 8448K, reserved 1048576K
}
Event: 12884.223 GC heap before
{Heap before GC invocations=573 (full 0):
 garbage-first heap   total 297984K, used 47607K [0x00000000c1a00000, 0x0000000100000000)
  region size 1024K, 14 young (14336K), 1 survivors (1024K)
 Metaspace       used 62957K, committed 63360K, reserved 1105920K
  class space    used 8235K, committed 8448K, reserved 1048576K
}
Event: 12884.560 GC heap after
{Heap after GC invocations=574 (full 0):
 garbage-first heap   total 297984K, used 34498K [0x00000000c1a00000, 0x0000000100000000)
  region size 1024K, 1 young (1024K), 1 survivors (1024K)
 Metaspace       used 62957K, committed 63360K, reserved 1105920K
  class space    used 8235K, committed 8448K, reserved 1048576K
}
Event: 12892.159 GC heap before
{Heap before GC invocations=574 (full 0):
 garbage-first heap   total 297984K, used 47810K [0x00000000c1a00000, 0x0000000100000000)
  region size 1024K, 14 young (14336K), 1 survivors (1024K)
 Metaspace       used 62957K, committed 63360K, reserved 1105920K
  class space    used 8235K, committed 8448K, reserved 1048576K
}
Event: 12892.296 GC heap after
{Heap after GC invocations=575 (full 0):
 garbage-first heap   total 297984K, used 34598K [0x00000000c1a00000, 0x0000000100000000)
  region size 1024K, 1 young (1024K), 1 survivors (1024K)
 Metaspace       used 62957K, committed 63360K, reserved 1105920K
  class space    used 8235K, committed 8448K, reserved 1048576K
}
Event: 12900.465 GC heap before
{Heap before GC invocations=575 (full 0):
 garbage-first heap   total 297984K, used 47910K [0x00000000c1a00000, 0x0000000100000000)
  region size 1024K, 14 young (14336K), 1 survivors (1024K)
 Metaspace       used 62957K, committed 63360K, reserved 1105920K
  class space    used 8235K, committed 8448K, reserved 1048576K
}
Event: 12904.460 GC heap after
{Heap after GC invocations=576 (full 0):
 garbage-first heap   total 297984K, used 34202K [0x00000000c1a00000, 0x0000000100000000)
  region size 1024K, 1 young (1024K), 1 survivors (1024K)
 Metaspace       used 62957K, committed 63360K, reserved 1105920K
  class space    used 8235K, committed 8448K, reserved 1048576K
}
Event: 12911.769 GC heap before
{Heap before GC invocations=576 (full 0):
 garbage-first heap   total 297984K, used 47514K [0x00000000c1a00000, 0x0000000100000000)
  region size 1024K, 14 young (14336K), 1 survivors (1024K)
 Metaspace       used 62957K, committed 63360K, reserved 1105920K
  class space    used 8235K, committed 8448K, reserved 1048576K
}
Event: 12912.053 GC heap after
{Heap after GC invocations=577 (full 0):
 garbage-first heap   total 297984K, used 34348K [0x00000000c1a00000, 0x0000000100000000)
  region size 1024K, 1 young (1024K), 1 survivors (1024K)
 Metaspace       used 62957K, committed 63360K, reserved 1105920K
  class space    used 8235K, committed 8448K, reserved 1048576K
}
Event: 12920.143 GC heap before
{Heap before GC invocations=577 (full 0):
 garbage-first heap   total 297984K, used 47660K [0x00000000c1a00000, 0x0000000100000000)
  region size 1024K, 14 young (14336K), 1 survivors (1024K)
 Metaspace       used 62957K, committed 63360K, reserved 1105920K
  class space    used 8235K, committed 8448K, reserved 1048576K
}
Event: 12920.394 GC heap after
{Heap after GC invocations=578 (full 0):
 garbage-first heap   total 297984K, used 34558K [0x00000000c1a00000, 0x0000000100000000)
  region size 1024K, 1 young (1024K), 1 survivors (1024K)
 Metaspace       used 62957K, committed 63360K, reserved 1105920K
  class space    used 8235K, committed 8448K, reserved 1048576K
}
Event: 12928.475 GC heap before
{Heap before GC invocations=578 (full 0):
 garbage-first heap   total 297984K, used 47870K [0x00000000c1a00000, 0x0000000100000000)
  region size 1024K, 14 young (14336K), 1 survivors (1024K)
 Metaspace       used 62957K, committed 63360K, reserved 1105920K
  class space    used 8235K, committed 8448K, reserved 1048576K
}
Event: 12928.477 GC heap after
{Heap after GC invocations=579 (full 0):
 garbage-first heap   total 297984K, used 34600K [0x00000000c1a00000, 0x0000000100000000)
  region size 1024K, 1 young (1024K), 1 survivors (1024K)
 Metaspace       used 62957K, committed 63360K, reserved 1105920K
  class space    used 8235K, committed 8448K, reserved 1048576K
}
Event: 12937.187 GC heap before
{Heap before GC invocations=579 (full 0):
 garbage-first heap   total 297984K, used 47912K [0x00000000c1a00000, 0x0000000100000000)
  region size 1024K, 14 young (14336K), 1 survivors (1024K)
 Metaspace       used 62957K, committed 63360K, reserved 1105920K
  class space    used 8235K, committed 8448K, reserved 1048576K
}
Event: 12937.188 GC heap after
{Heap after GC invocations=580 (full 0):
 garbage-first heap   total 297984K, used 34253K [0x00000000c1a00000, 0x0000000100000000)
  region size 1024K, 1 young (1024K), 1 survivors (1024K)
 Metaspace       used 62957K, committed 63360K, reserved 1105920K
  class space    used 8235K, committed 8448K, reserved 1048576K
}
Event: 12944.640 GC heap before
{Heap before GC invocations=580 (full 0):
 garbage-first heap   total 297984K, used 47565K [0x00000000c1a00000, 0x0000000100000000)
  region size 1024K, 14 young (14336K), 1 survivors (1024K)
 Metaspace       used 62957K, committed 63360K, reserved 1105920K
  class space    used 8235K, committed 8448K, reserved 1048576K
}
Event: 12944.641 GC heap after
{Heap after GC invocations=581 (full 0):
 garbage-first heap   total 297984K, used 34400K [0x00000000c1a00000, 0x0000000100000000)
  region size 1024K, 1 young (1024K), 1 survivors (1024K)
 Metaspace       used 62957K, committed 63360K, reserved 1105920K
  class space    used 8235K, committed 8448K, reserved 1048576K
}
Event: 12952.571 GC heap before
{Heap before GC invocations=581 (full 0):
 garbage-first heap   total 297984K, used 47712K [0x00000000c1a00000, 0x0000000100000000)
  region size 1024K, 14 young (14336K), 1 survivors (1024K)
 Metaspace       used 62957K, committed 63360K, reserved 1105920K
  class space    used 8235K, committed 8448K, reserved 1048576K
}
Event: 12952.572 GC heap after
{Heap after GC invocations=582 (full 0):
 garbage-first heap   total 297984K, used 34591K [0x00000000c1a00000, 0x0000000100000000)
  region size 1024K, 1 young (1024K), 1 survivors (1024K)
 Metaspace       used 62957K, committed 63360K, reserved 1105920K
  class space    used 8235K, committed 8448K, reserved 1048576K
}
Event: 12960.417 GC heap before
{Heap before GC invocations=582 (full 0):
 garbage-first heap   total 297984K, used 47903K [0x00000000c1a00000, 0x0000000100000000)
  region size 1024K, 14 young (14336K), 1 survivors (1024K)
 Metaspace       used 62957K, committed 63360K, reserved 1105920K
  class space    used 8235K, committed 8448K, reserved 1048576K
}

